2021-07-26 21:15:39 INFO  class:21 - In LibraryManagement----Admin Block
2021-07-26 21:15:46 INFO  class:29 - To checkadmin method....
2021-07-26 21:44:09 INFO  class:21 - In LibraryManagement----Admin Login
2021-07-26 21:44:14 INFO  class:29 - To checkadmin method....
2021-07-26 21:44:14 INFO  class:24 - In LibraryController----checkAdmin method
2021-07-26 21:44:14 INFO  class:49 - In LibraryServiceImp----checkAdmin method
2021-07-26 21:44:14 INFO  class:39 - In LibraryDaoImp----checkAdmin method
2021-07-26 21:44:24 INFO  class:21 - In userUpdate----
2021-07-26 21:44:32 INFO  class:35 - In userUpdate----addUser method
2021-07-26 21:44:32 INFO  class:31 - In LibraryController----addUser method
2021-07-26 21:44:32 INFO  class:62 - In LibraryServiceImp----adduser(insert) method
2021-07-26 21:44:32 INFO  class:64 - In LibraryDaoImp----addUser(insert) method
2021-07-26 21:45:00 INFO  class:35 - In userUpdate----addUser method
2021-07-26 21:45:00 INFO  class:31 - In LibraryController----addUser method
2021-07-26 21:45:00 INFO  class:62 - In LibraryServiceImp----adduser(insert) method
2021-07-26 21:45:00 INFO  class:64 - In LibraryDaoImp----addUser(insert) method
2021-07-26 21:45:19 INFO  class:50 - In userUpdate----listOfUsers method
2021-07-26 21:45:19 INFO  class:50 - In LibraryController----ListallUsers method
2021-07-26 21:45:19 INFO  class:69 - In LibraryServiceImp----listUsers method
2021-07-26 21:45:19 INFO  class:163 - In LibraryDaoImp----listUsers method
2021-07-26 21:45:59 INFO  class:21 - In LibraryManagement----Admin Login
2021-07-26 21:46:04 INFO  class:29 - To checkadmin method....
2021-07-26 21:46:04 INFO  class:24 - In LibraryController----checkAdmin method
2021-07-26 21:46:04 INFO  class:49 - In LibraryServiceImp----checkAdmin method
2021-07-26 21:46:04 INFO  class:39 - In LibraryDaoImp----checkAdmin method
2021-07-26 21:46:08 INFO  class:21 - In userUpdate----
2021-07-26 21:46:10 INFO  class:50 - In userUpdate----listOfUsers method
2021-07-26 21:46:10 INFO  class:50 - In LibraryController----ListallUsers method
2021-07-26 21:46:10 INFO  class:69 - In LibraryServiceImp----listUsers method
2021-07-26 21:46:10 INFO  class:163 - In LibraryDaoImp----listUsers method
2021-07-26 21:47:11 INFO  class:21 - In LibraryManagement----Admin Login
2021-07-26 21:47:16 INFO  class:29 - To checkadmin method....
2021-07-26 21:47:16 INFO  class:24 - In LibraryController----checkAdmin method
2021-07-26 21:47:16 INFO  class:49 - In LibraryServiceImp----checkAdmin method
2021-07-26 21:47:16 INFO  class:39 - In LibraryDaoImp----checkAdmin method
2021-07-26 21:47:22 INFO  class:21 - In userUpdate----
2021-07-26 21:47:24 INFO  class:50 - In userUpdate----listOfUsers method
2021-07-26 21:47:24 INFO  class:50 - In LibraryController----ListallUsers method
2021-07-26 21:47:24 INFO  class:69 - In LibraryServiceImp----listUsers method
2021-07-26 21:47:24 INFO  class:163 - In LibraryDaoImp----listUsers method
2021-07-26 21:48:00 INFO  class:21 - In LibraryManagement----Admin Login
2021-07-26 21:48:05 INFO  class:29 - To checkadmin method....
2021-07-26 21:48:05 INFO  class:24 - In LibraryController----checkAdmin method
2021-07-26 21:48:05 INFO  class:49 - In LibraryServiceImp----checkAdmin method
2021-07-26 21:48:05 INFO  class:39 - In LibraryDaoImp----checkAdmin method
2021-07-26 21:48:09 INFO  class:21 - In userUpdate----
2021-07-26 21:48:11 INFO  class:50 - In userUpdate----listOfUsers method
2021-07-26 21:48:11 INFO  class:50 - In LibraryController----ListallUsers method
2021-07-26 21:48:11 INFO  class:69 - In LibraryServiceImp----listUsers method
2021-07-26 21:48:11 INFO  class:163 - In LibraryDaoImp----listUsers method
2021-07-27 08:27:07 INFO  class:21 - In LibraryManagement----Admin Login
2021-07-27 08:27:14 INFO  class:29 - To checkadmin method....
2021-07-27 08:27:14 INFO  class:24 - In LibraryController----checkAdmin method
2021-07-27 08:27:14 INFO  class:49 - In LibraryServiceImp----checkAdmin method
2021-07-27 08:27:14 INFO  class:39 - In LibraryDaoImp----checkAdmin method
2021-07-27 08:27:18 INFO  class:21 - In userUpdate----
2021-07-27 08:27:21 INFO  class:50 - In userUpdate----listOfUsers method
2021-07-27 08:27:21 INFO  class:50 - In LibraryController----ListallUsers method
2021-07-27 08:27:21 INFO  class:69 - In LibraryServiceImp----listUsers method
2021-07-27 08:27:21 INFO  class:163 - In LibraryDaoImp----listUsers method
2021-07-27 08:27:21 INFO  class:179 - resultSet...in list of users
2021-07-27 08:27:21 INFO  class:179 - resultSet...in list of users
2021-07-27 08:27:21 INFO  class:179 - resultSet...in list of users
2021-07-27 08:27:21 INFO  class:179 - resultSet...in list of users
2021-07-27 08:27:21 INFO  class:179 - resultSet...in list of users
2021-07-27 08:27:21 INFO  class:179 - resultSet...in list of users
2021-07-27 08:27:21 INFO  class:179 - resultSet...in list of users
2021-07-27 08:38:10 INFO  class:21 - In LibraryManagement----Admin Login
2021-07-27 08:38:16 INFO  class:29 - To checkadmin method....
2021-07-27 08:38:16 INFO  class:24 - In LibraryController----checkAdmin method
2021-07-27 08:38:16 INFO  class:50 - In LibraryServiceImp----checkAdmin method
2021-07-27 08:38:16 INFO  class:39 - In LibraryDaoImp----checkAdmin method
2021-07-27 08:38:25 INFO  class:21 - In userUpdate----
2021-07-27 08:38:29 INFO  class:35 - In userUpdate----addUser method
2021-07-27 08:38:29 INFO  class:31 - In LibraryController----addUser method
2021-07-27 08:38:29 INFO  class:63 - In LibraryServiceImp----adduser(insert) method
2021-07-27 08:38:29 INFO  class:64 - In LibraryDaoImp----addUser(insert) method
2021-07-27 08:38:51 INFO  class:21 - In LibraryManagement----Admin Login
2021-07-27 08:38:56 INFO  class:29 - To checkadmin method....
2021-07-27 08:38:56 INFO  class:24 - In LibraryController----checkAdmin method
2021-07-27 08:38:56 INFO  class:50 - In LibraryServiceImp----checkAdmin method
2021-07-27 08:38:56 INFO  class:39 - In LibraryDaoImp----checkAdmin method
2021-07-27 08:39:00 INFO  class:21 - In userUpdate----
2021-07-27 08:39:01 INFO  class:44 - In userUpdate----deleteUser method
2021-07-27 08:39:01 INFO  class:38 - In LibraryController----deleteUser method
2021-07-27 08:39:01 INFO  class:56 - In LibraryServiceImp----delteUser method
2021-07-27 08:39:01 INFO  class:94 - In LibraryDaoImp----deleteUser method
2021-07-27 08:39:52 INFO  class:50 - In userUpdate----listOfUsers method
2021-07-27 08:39:52 INFO  class:57 - In LibraryController----ListallUsers method
2021-07-27 08:39:52 INFO  class:71 - In LibraryServiceImp----listUsers method
2021-07-27 08:39:52 INFO  class:163 - In LibraryDaoImp----listUsers method
2021-07-27 08:40:07 INFO  class:50 - In userUpdate----listOfUsers method
2021-07-27 08:40:07 INFO  class:57 - In LibraryController----ListallUsers method
2021-07-27 08:40:07 INFO  class:71 - In LibraryServiceImp----listUsers method
2021-07-27 08:40:07 INFO  class:163 - In LibraryDaoImp----listUsers method
2021-07-27 08:40:16 INFO  class:71 - In userUpdate----Directing to Main Application
2021-07-27 08:40:18 INFO  class:18 - In BookDetails----
2021-07-27 08:40:21 INFO  class:56 - In BookDetails----listBooks method
2021-07-27 08:40:21 INFO  class:72 - In LibraryController----listBook method
2021-07-27 08:40:21 INFO  class:30 - In LibraryServiceImp----listBook method
2021-07-27 08:40:21 INFO  class:260 - In LibraryDaoImp----listBook method
2021-07-27 08:42:46 INFO  class:21 - In LibraryManagement----Admin Login
2021-07-27 08:42:56 INFO  class:29 - To checkadmin method....
2021-07-27 08:42:56 INFO  class:24 - In LibraryController----checkAdmin method
2021-07-27 08:42:56 INFO  class:50 - In LibraryServiceImp----checkAdmin method
2021-07-27 08:42:56 INFO  class:39 - In LibraryDaoImp----checkAdmin method
2021-07-27 08:43:01 INFO  class:18 - In BookDetails----
2021-07-27 08:43:04 INFO  class:56 - In BookDetails----listBooks method
2021-07-27 08:43:04 INFO  class:72 - In LibraryController----listBook method
2021-07-27 08:43:04 INFO  class:30 - In LibraryServiceImp----listBook method
2021-07-27 08:43:04 INFO  class:260 - In LibraryDaoImp----listBook method
2021-07-27 08:45:30 INFO  class:43 - In BookDetails----addBook method
2021-07-27 08:45:30 INFO  class:19 - In LibraryController----addBook method
2021-07-27 08:45:30 INFO  class:20 - In LibraryServiceImp----addBook method
2021-07-27 08:45:30 INFO  class:25 - In LibraryDaoImp----addBook method
2021-07-27 08:45:32 INFO  class:56 - In BookDetails----listBooks method
2021-07-27 08:45:32 INFO  class:72 - In LibraryController----listBook method
2021-07-27 08:45:32 INFO  class:30 - In LibraryServiceImp----listBook method
2021-07-27 08:45:32 INFO  class:260 - In LibraryDaoImp----listBook method
2021-07-27 08:45:41 INFO  class:62 - In BookDetails----updateBook method
2021-07-27 08:45:41 INFO  class:82 - In LibraryController----updateBook method
2021-07-27 08:45:41 INFO  class:40 - In LibraryServiceImp----updateBook method
2021-07-27 08:45:41 INFO  class:107 - In LibraryDaoImp----UpdateUser method
2021-07-27 08:47:17 INFO  class:21 - In LibraryManagement----Admin Login
2021-07-27 08:47:23 INFO  class:29 - To checkadmin method....
2021-07-27 08:47:23 INFO  class:24 - In LibraryController----checkAdmin method
2021-07-27 08:47:23 INFO  class:50 - In LibraryServiceImp----checkAdmin method
2021-07-27 08:47:23 INFO  class:39 - In LibraryDaoImp----checkAdmin method
2021-07-27 08:47:29 INFO  class:21 - In userUpdate----
2021-07-27 08:47:32 INFO  class:71 - In userUpdate----Directing to Main Application
2021-07-27 08:47:36 INFO  class:18 - In BookDetails----
2021-07-27 08:47:39 INFO  class:56 - In BookDetails----listBooks method
2021-07-27 08:47:39 INFO  class:72 - In LibraryController----listBook method
2021-07-27 08:47:39 INFO  class:30 - In LibraryServiceImp----listBook method
2021-07-27 08:47:39 INFO  class:260 - In LibraryDaoImp----listBook method
2021-07-27 08:47:43 INFO  class:62 - In BookDetails----updateBook method
2021-07-27 08:47:43 INFO  class:82 - In LibraryController----updateBook method
2021-07-27 08:47:43 INFO  class:40 - In LibraryServiceImp----updateBook method
2021-07-27 08:47:43 INFO  class:320 - In LibraryDaoImp----updateBook method
2021-07-27 09:09:02 INFO  class:21 - In LibraryManagement----Admin Login
2021-07-27 09:09:10 INFO  class:29 - To checkadmin method....
2021-07-27 09:09:10 INFO  class:24 - In LibraryController----checkAdmin method
2021-07-27 09:09:10 INFO  class:50 - In LibraryServiceImp----checkAdmin method
2021-07-27 09:09:10 INFO  class:39 - In LibraryDaoImp----checkAdmin method
2021-07-27 09:09:15 INFO  class:21 - In userUpdate----
2021-07-27 09:09:17 INFO  class:50 - In userUpdate----listOfUsers method
2021-07-27 09:09:17 INFO  class:50 - In LibraryController----ListallUsers method
2021-07-27 09:09:17 INFO  class:75 - In LibraryServiceImp----listUsers method
2021-07-27 09:09:17 INFO  class:198 - In LibraryDaoImp----listUsers method
2021-07-27 09:09:17 INFO  class:215 - resultSet...in list of users
2021-07-27 09:09:17 INFO  class:215 - resultSet...in list of users
2021-07-27 09:09:17 INFO  class:215 - resultSet...in list of users
2021-07-27 09:09:17 INFO  class:215 - resultSet...in list of users
2021-07-27 09:09:17 INFO  class:215 - resultSet...in list of users
2021-07-27 09:09:17 INFO  class:215 - resultSet...in list of users
2021-07-27 09:36:52 INFO  class:21 - In LibraryManagement----Admin Login
2021-07-27 09:36:57 INFO  class:29 - To checkadmin method....
2021-07-27 09:36:57 INFO  class:24 - In LibraryController----checkAdmin method
2021-07-27 09:36:57 INFO  class:59 - In LibraryServiceImp----checkAdmin method
2021-07-27 09:36:57 INFO  class:39 - In LibraryDaoImp----checkAdmin method
2021-07-27 09:37:00 INFO  class:21 - In userUpdate----
2021-07-27 09:37:08 INFO  class:50 - In userUpdate----listOfUsers method
2021-07-27 09:37:08 INFO  class:50 - In LibraryController----ListallUsers method
2021-07-27 09:37:08 INFO  class:84 - In LibraryServiceImp----listUsers method
2021-07-27 09:37:08 INFO  class:198 - In LibraryDaoImp----listUsers method
2021-07-27 09:37:08 INFO  class:215 - resultSet...in list of users
2021-07-27 09:37:08 INFO  class:215 - resultSet...in list of users
2021-07-27 09:37:08 INFO  class:215 - resultSet...in list of users
2021-07-27 09:37:08 INFO  class:215 - resultSet...in list of users
2021-07-27 09:37:08 INFO  class:215 - resultSet...in list of users
2021-07-27 09:37:08 INFO  class:215 - resultSet...in list of users
2021-07-27 09:37:13 INFO  class:65 - In userUpdate----Details of book borrowed by student method
2021-07-27 09:37:13 INFO  class:62 - In LibraryController----Details of books method
2021-07-27 09:37:13 INFO  class:53 - In LibraryServiceImp----bkdetails method
2021-07-27 09:37:13 INFO  class:224 - In LibraryDaoImp----bkDetails method
2021-07-27 09:37:24 INFO  class:44 - In userUpdate----deleteUser method
2021-07-27 09:37:24 INFO  class:38 - In LibraryController----deleteUser method
2021-07-27 09:37:24 INFO  class:65 - In LibraryServiceImp----delteUser method
2021-07-27 09:37:24 INFO  class:94 - In LibraryDaoImp----deleteUser method
2021-07-27 09:37:34 INFO  class:21 - In LibraryManagement----Admin Login
2021-07-27 09:37:38 INFO  class:29 - To checkadmin method....
2021-07-27 09:37:38 INFO  class:24 - In LibraryController----checkAdmin method
2021-07-27 09:37:38 INFO  class:59 - In LibraryServiceImp----checkAdmin method
2021-07-27 09:37:38 INFO  class:39 - In LibraryDaoImp----checkAdmin method
2021-07-27 09:37:41 INFO  class:20 - In BookDetails----
2021-07-27 09:37:43 INFO  class:59 - In BookDetails----listBooks method
2021-07-27 09:37:43 INFO  class:77 - In libraryServiceImp-----listBooks method
2021-07-27 09:37:43 INFO  class:36 - In LibraryServiceImp----listBooks method
2021-07-27 09:37:43 INFO  class:260 - In LibraryDaoImp----listBooks method
2021-07-27 09:38:05 INFO  class:21 - In LibraryManagement----Admin Login
2021-07-27 09:38:09 INFO  class:29 - To checkadmin method....
2021-07-27 09:38:09 INFO  class:24 - In LibraryController----checkAdmin method
2021-07-27 09:38:09 INFO  class:59 - In LibraryServiceImp----checkAdmin method
2021-07-27 09:38:09 INFO  class:39 - In LibraryDaoImp----checkAdmin method
2021-07-27 09:38:13 INFO  class:20 - In BookDetails----
2021-07-27 09:38:16 INFO  class:59 - In BookDetails----listBooks method
2021-07-27 09:38:16 INFO  class:77 - In libraryServiceImp-----listBooks method
2021-07-27 09:38:16 INFO  class:36 - In LibraryServiceImp----listBooks method
2021-07-27 09:38:16 INFO  class:260 - In LibraryDaoImp----listBooks method
2021-07-27 09:39:16 INFO  class:72 - In BookDetails----Directing to Main Application
2021-07-27 09:39:17 INFO  class:85 - In LibraryController----issueBook method
2021-07-27 09:39:17 INFO  class:44 - In LibraryServiceImp----issueBook method
2021-07-27 09:39:17 INFO  class:321 - In LibraryDaoImp----issueBook method
2021-07-27 09:39:37 INFO  class:21 - In userUpdate----
2021-07-27 09:39:39 INFO  class:65 - In userUpdate----Details of book borrowed by student method
2021-07-27 09:39:39 INFO  class:62 - In LibraryController----Details of books method
2021-07-27 09:39:39 INFO  class:53 - In LibraryServiceImp----bkdetails method
2021-07-27 09:39:39 INFO  class:224 - In LibraryDaoImp----bkDetails method
2021-07-27 09:53:12 INFO  class:21 - In LibraryManagement----Admin Login
2021-07-27 09:53:17 INFO  class:29 - To checkadmin method....
2021-07-27 09:53:17 INFO  class:24 - In LibraryController----checkAdmin method
2021-07-27 09:53:17 INFO  class:59 - In LibraryServiceImp----checkAdmin method
2021-07-27 09:53:17 INFO  class:39 - In LibraryDaoImp----checkAdmin method
2021-07-27 09:53:19 INFO  class:21 - In userUpdate----
2021-07-27 09:53:24 INFO  class:72 - In userUpdate----Details of Particular user
2021-07-27 09:53:24 INFO  class:72 - In LibraryController----listByUserId method
2021-07-27 09:53:24 INFO  class:81 - In LibraryServiceImp----listByUserId method
2021-07-27 09:53:24 INFO  class:163 - In LibraryDaoImp----listByUserId method
2021-07-27 09:54:10 INFO  class:21 - In LibraryManagement----Admin Login
2021-07-27 09:54:15 INFO  class:29 - To checkadmin method....
2021-07-27 09:54:15 INFO  class:24 - In LibraryController----checkAdmin method
2021-07-27 09:54:15 INFO  class:59 - In LibraryServiceImp----checkAdmin method
2021-07-27 09:54:15 INFO  class:39 - In LibraryDaoImp----checkAdmin method
2021-07-27 09:54:17 INFO  class:21 - In userUpdate----
2021-07-27 09:54:21 INFO  class:72 - In userUpdate----Details of Particular user
2021-07-27 09:54:21 INFO  class:72 - In LibraryController----listByUserId method
2021-07-27 09:54:21 INFO  class:81 - In LibraryServiceImp----listByUserId method
2021-07-27 09:54:21 INFO  class:163 - In LibraryDaoImp----listByUserId method
2021-07-27 10:02:44 INFO  class:21 - In LibraryManagement----Admin Login
2021-07-27 10:04:38 INFO  class:29 - To checkadmin method....
2021-07-27 10:04:38 INFO  class:24 - In LibraryController----checkAdmin method
2021-07-27 10:04:38 INFO  class:61 - In LibraryServiceImp----checkAdmin method
2021-07-27 10:04:38 INFO  class:39 - In LibraryDaoImp----checkAdmin method
2021-07-27 10:04:43 INFO  class:20 - In BookDetails----
2021-07-27 10:04:47 INFO  class:59 - In BookDetails----listBooks method
2021-07-27 10:04:47 INFO  class:81 - In libraryServiceImp-----listBooks method
2021-07-27 10:04:47 INFO  class:38 - In LibraryServiceImp----listBooks method
2021-07-27 10:04:47 INFO  class:247 - In LibraryDaoImp----listBooks method
2021-07-27 10:04:52 INFO  class:72 - In BookDetails----listBookByIsbn method
2021-07-27 10:04:52 INFO  class:57 - In LibraryController----ListBookByIsbn method
2021-07-27 10:04:52 INFO  class:30 - In LibraryServiceImp----listBook method
2021-07-27 10:04:52 INFO  class:273 - In LibraryDaoImp----listBookByIsbn method
2021-07-27 10:05:12 INFO  class:80 - In BookDetails----Directing to Main Application
2021-07-27 10:05:16 INFO  class:21 - In userUpdate----
2021-07-27 10:05:19 INFO  class:65 - In userUpdate----Details of book borrowed by student method
2021-07-27 10:05:19 INFO  class:64 - In LibraryController----Details of books method
2021-07-27 10:05:19 INFO  class:55 - In LibraryServiceImp----bkdetails method
2021-07-27 10:05:19 INFO  class:211 - In LibraryDaoImp----bkDetails method
2021-07-27 10:06:39 INFO  class:21 - In LibraryManagement----Admin Login
2021-07-27 10:06:43 INFO  class:29 - To checkadmin method....
2021-07-27 10:06:43 INFO  class:24 - In LibraryController----checkAdmin method
2021-07-27 10:06:43 INFO  class:61 - In LibraryServiceImp----checkAdmin method
2021-07-27 10:06:43 INFO  class:39 - In LibraryDaoImp----checkAdmin method
2021-07-27 10:06:47 INFO  class:21 - In userUpdate----
2021-07-27 10:06:49 INFO  class:65 - In userUpdate----Details of book borrowed by student method
2021-07-27 10:06:49 INFO  class:64 - In LibraryController----Details of books method
2021-07-27 10:06:49 INFO  class:55 - In LibraryServiceImp----bkdetails method
2021-07-27 10:06:49 INFO  class:211 - In LibraryDaoImp----bkDetails method
2021-07-27 10:07:15 INFO  class:21 - In LibraryManagement----Admin Login
2021-07-27 10:07:20 INFO  class:29 - To checkadmin method....
2021-07-27 10:07:20 INFO  class:24 - In LibraryController----checkAdmin method
2021-07-27 10:07:20 INFO  class:61 - In LibraryServiceImp----checkAdmin method
2021-07-27 10:07:20 INFO  class:39 - In LibraryDaoImp----checkAdmin method
2021-07-27 10:07:33 INFO  class:21 - In userUpdate----
2021-07-27 10:07:36 INFO  class:65 - In userUpdate----Details of book borrowed by student method
2021-07-27 10:07:36 INFO  class:64 - In LibraryController----Details of books method
2021-07-27 10:07:36 INFO  class:55 - In LibraryServiceImp----bkdetails method
2021-07-27 10:07:36 INFO  class:211 - In LibraryDaoImp----bkDetails method
2021-07-27 10:08:37 INFO  class:21 - In LibraryManagement----Admin Login
2021-07-27 10:08:41 INFO  class:29 - To checkadmin method....
2021-07-27 10:08:41 INFO  class:24 - In LibraryController----checkAdmin method
2021-07-27 10:08:41 INFO  class:61 - In LibraryServiceImp----checkAdmin method
2021-07-27 10:08:41 INFO  class:39 - In LibraryDaoImp----checkAdmin method
2021-07-27 10:08:46 INFO  class:21 - In userUpdate----
2021-07-27 10:08:47 INFO  class:65 - In userUpdate----Details of book borrowed by student method
2021-07-27 10:08:47 INFO  class:64 - In LibraryController----Details of books method
2021-07-27 10:08:47 INFO  class:55 - In LibraryServiceImp----bkdetails method
2021-07-27 10:08:47 INFO  class:211 - In LibraryDaoImp----bkDetails method
2021-07-27 10:09:38 INFO  class:21 - In LibraryManagement----Admin Login
2021-07-27 10:10:34 INFO  class:29 - To checkadmin method....
2021-07-27 10:10:34 INFO  class:24 - In LibraryController----checkAdmin method
2021-07-27 10:10:34 INFO  class:61 - In LibraryServiceImp----checkAdmin method
2021-07-27 10:10:34 INFO  class:39 - In LibraryDaoImp----checkAdmin method
2021-07-27 10:10:39 INFO  class:21 - In userUpdate----
2021-07-27 10:10:41 INFO  class:65 - In userUpdate----Details of book borrowed by student method
2021-07-27 10:10:41 INFO  class:64 - In LibraryController----Details of books method
2021-07-27 10:10:41 INFO  class:55 - In LibraryServiceImp----bkdetails method
2021-07-27 10:10:41 INFO  class:211 - In LibraryDaoImp----bkDetails method
2021-07-27 13:17:04 INFO  class:21 - In LibraryManagement----Admin Login
2021-07-27 13:17:11 INFO  class:29 - To checkadmin method....
2021-07-27 13:17:11 INFO  class:24 - In LibraryController----checkAdmin method
2021-07-27 13:17:11 INFO  class:61 - In LibraryServiceImp----checkAdmin method
2021-07-27 13:17:11 INFO  class:46 - In LibraryDaoImp----checkAdmin method
2021-07-27 13:17:14 INFO  class:21 - In userUpdate----
2021-07-27 13:17:17 INFO  class:50 - In userUpdate----listOfUsers method
2021-07-27 13:17:17 INFO  class:50 - In LibraryController----ListallUsers method
2021-07-27 13:17:17 INFO  class:88 - In LibraryServiceImp----listUsers method
2021-07-27 13:17:17 INFO  class:192 - In LibraryDaoImp----listUsers method
2021-07-27 13:17:17 INFO  class:209 - resultSet...in list of users
2021-07-27 13:17:17 INFO  class:209 - resultSet...in list of users
2021-07-27 13:17:17 INFO  class:209 - resultSet...in list of users
2021-07-27 13:17:17 INFO  class:209 - resultSet...in list of users
2021-07-27 13:17:17 INFO  class:209 - resultSet...in list of users
2021-07-27 13:17:17 INFO  class:209 - resultSet...in list of users
2021-07-27 13:17:26 INFO  class:79 - In userUpdate----Directing to Main Application
2021-07-27 13:17:28 INFO  class:20 - In BookDetails----
2021-07-27 13:17:40 INFO  class:59 - In BookDetails----listBooks method
2021-07-27 13:17:40 INFO  class:81 - In libraryServiceImp-----listBooks method
2021-07-27 13:17:40 INFO  class:38 - In LibraryServiceImp----listBooks method
2021-07-27 13:17:40 INFO  class:254 - In LibraryDaoImp----listBooks method
2021-07-27 13:21:54 INFO  class:21 - In LibraryManagement----Admin Login
2021-07-27 13:22:01 INFO  class:29 - To checkadmin method....
2021-07-27 13:22:01 INFO  class:24 - In LibraryController----checkAdmin method
2021-07-27 13:22:01 INFO  class:61 - In LibraryServiceImp----checkAdmin method
2021-07-27 13:22:01 INFO  class:46 - In LibraryDaoImp----checkAdmin method
2021-07-27 13:22:06 INFO  class:21 - In userUpdate----
2021-07-27 13:22:08 INFO  class:50 - In userUpdate----listOfUsers method
2021-07-27 13:22:08 INFO  class:48 - In LibraryController----ListallUsers method
2021-07-27 13:22:08 INFO  class:87 - In LibraryServiceImp----listUsers method
2021-07-27 13:22:08 INFO  class:194 - In LibraryDaoImp----listUsers method
2021-07-27 13:22:08 INFO  class:211 - resultSet...in list of users
2021-07-27 13:22:08 INFO  class:211 - resultSet...in list of users
2021-07-27 13:22:08 INFO  class:211 - resultSet...in list of users
2021-07-27 13:22:08 INFO  class:211 - resultSet...in list of users
2021-07-27 13:22:08 INFO  class:211 - resultSet...in list of users
2021-07-27 13:22:08 INFO  class:211 - resultSet...in list of users
2021-07-27 13:23:05 INFO  class:21 - In LibraryManagement----Admin Login
2021-07-27 13:23:10 INFO  class:29 - To checkadmin method....
2021-07-27 13:23:10 INFO  class:24 - In LibraryController----checkAdmin method
2021-07-27 13:23:10 INFO  class:61 - In LibraryServiceImp----checkAdmin method
2021-07-27 13:23:10 INFO  class:46 - In LibraryDaoImp----checkAdmin method
2021-07-27 13:23:14 INFO  class:21 - In userUpdate----
2021-07-27 13:23:18 INFO  class:50 - In userUpdate----listOfUsers method
2021-07-27 13:23:18 INFO  class:48 - In LibraryController----ListallUsers method
2021-07-27 13:23:18 INFO  class:87 - In LibraryServiceImp----listUsers method
2021-07-27 13:23:18 INFO  class:195 - In LibraryDaoImp----listUsers method
2021-07-27 13:23:18 INFO  class:212 - resultSet...in list of users
2021-07-27 13:23:18 INFO  class:212 - resultSet...in list of users
2021-07-27 13:23:18 INFO  class:212 - resultSet...in list of users
2021-07-27 13:23:18 INFO  class:212 - resultSet...in list of users
2021-07-27 13:23:18 INFO  class:212 - resultSet...in list of users
2021-07-27 13:23:18 INFO  class:212 - resultSet...in list of users
2021-07-27 13:23:28 INFO  class:44 - In userUpdate----deleteUser method
2021-07-27 13:23:28 INFO  class:38 - In LibraryController----deleteUser method
2021-07-27 13:23:28 INFO  class:67 - In LibraryServiceImp----delteUser method
2021-07-27 13:23:28 INFO  class:101 - In LibraryDaoImp----deleteUser method
2021-07-27 13:24:18 INFO  class:21 - In LibraryManagement----Admin Login
2021-07-27 13:24:23 INFO  class:29 - To checkadmin method....
2021-07-27 13:24:23 INFO  class:24 - In LibraryController----checkAdmin method
2021-07-27 13:24:23 INFO  class:61 - In LibraryServiceImp----checkAdmin method
2021-07-27 13:24:23 INFO  class:46 - In LibraryDaoImp----checkAdmin method
2021-07-27 13:24:27 INFO  class:21 - In userUpdate----
2021-07-27 13:24:36 INFO  class:50 - In userUpdate----listOfUsers method
2021-07-27 13:24:36 INFO  class:48 - In LibraryController----ListallUsers method
2021-07-27 13:24:36 INFO  class:87 - In LibraryServiceImp----listUsers method
2021-07-27 13:24:36 INFO  class:194 - In LibraryDaoImp----listUsers method
2021-07-27 13:24:36 INFO  class:211 - resultSet...in list of users
2021-07-27 13:24:36 INFO  class:211 - resultSet...in list of users
2021-07-27 13:24:36 INFO  class:211 - resultSet...in list of users
2021-07-27 13:24:36 INFO  class:211 - resultSet...in list of users
2021-07-27 13:24:36 INFO  class:211 - resultSet...in list of users
2021-07-27 13:24:36 INFO  class:211 - resultSet...in list of users
2021-07-27 13:24:38 INFO  class:44 - In userUpdate----deleteUser method
2021-07-27 13:24:38 INFO  class:38 - In LibraryController----deleteUser method
2021-07-27 13:24:38 INFO  class:67 - In LibraryServiceImp----delteUser method
2021-07-27 13:24:38 INFO  class:101 - In LibraryDaoImp----deleteUser method
2021-07-27 13:27:45 INFO  class:21 - In LibraryManagement----Admin Login
2021-07-27 13:27:49 INFO  class:29 - To checkadmin method....
2021-07-27 13:27:49 INFO  class:25 - In LibraryController----checkAdmin method
2021-07-27 13:27:49 INFO  class:61 - In LibraryServiceImp----checkAdmin method
2021-07-27 13:27:49 INFO  class:46 - In LibraryDaoImp----checkAdmin method
2021-07-27 13:27:52 INFO  class:22 - In userUpdate----
2021-07-27 13:27:54 INFO  class:51 - In userUpdate----listOfUsers method
2021-07-27 13:27:54 INFO  class:49 - In LibraryController----ListallUsers method
2021-07-27 13:27:54 INFO  class:87 - In LibraryServiceImp----listUsers method
2021-07-27 13:27:54 INFO  class:194 - In LibraryDaoImp----listUsers method
2021-07-27 13:27:54 INFO  class:211 - resultSet...in list of users
2021-07-27 13:27:54 INFO  class:211 - resultSet...in list of users
2021-07-27 13:27:54 INFO  class:211 - resultSet...in list of users
2021-07-27 13:27:54 INFO  class:211 - resultSet...in list of users
2021-07-27 13:27:54 INFO  class:211 - resultSet...in list of users
2021-07-27 13:27:54 INFO  class:211 - resultSet...in list of users
2021-07-27 13:27:56 INFO  class:45 - In userUpdate----deleteUser method
2021-07-27 13:27:56 INFO  class:39 - In LibraryController----deleteUser method
2021-07-27 13:27:56 INFO  class:67 - In LibraryServiceImp----delteUser method
2021-07-27 13:27:56 INFO  class:101 - In LibraryDaoImp----deleteUser method
2021-07-27 15:43:21 INFO  class:21 - In LibraryManagement----Admin Login
2021-07-27 15:43:31 INFO  class:29 - To checkadmin method....
2021-07-27 15:43:31 INFO  class:25 - In LibraryController----checkAdmin method
2021-07-27 15:43:31 INFO  class:61 - In LibraryServiceImp----checkAdmin method
2021-07-27 15:43:31 INFO  class:46 - In LibraryDaoImp----checkAdmin method
2021-07-27 15:43:36 INFO  class:22 - In userUpdate----
2021-07-27 15:43:38 INFO  class:51 - In userUpdate----listOfUsers method
2021-07-27 15:43:38 INFO  class:49 - In LibraryController----ListallUsers method
2021-07-27 15:43:38 INFO  class:87 - In LibraryServiceImp----listUsers method
2021-07-27 15:43:38 INFO  class:194 - In LibraryDaoImp----listUsers method
2021-07-27 15:43:38 INFO  class:211 - resultSet...in list of users
2021-07-27 15:43:38 INFO  class:211 - resultSet...in list of users
2021-07-27 15:43:38 INFO  class:211 - resultSet...in list of users
2021-07-27 15:43:38 INFO  class:211 - resultSet...in list of users
2021-07-27 15:43:38 INFO  class:211 - resultSet...in list of users
2021-07-27 15:43:38 INFO  class:211 - resultSet...in list of users
2021-07-27 15:43:41 INFO  class:80 - In userUpdate----Directing to Main Application
2021-07-27 15:43:43 INFO  class:20 - In BookDetails----
2021-07-27 15:43:45 INFO  class:59 - In BookDetails----listBooks method
2021-07-27 15:43:45 INFO  class:80 - In libraryServiceImp-----listBooks method
2021-07-27 15:43:45 INFO  class:38 - In LibraryServiceImp----listBooks method
2021-07-27 15:43:45 INFO  class:256 - In LibraryDaoImp----listBooks method
2021-07-27 15:43:47 INFO  class:80 - In BookDetails----Directing to Main Application
2021-07-27 16:09:35 INFO  class:21 - In LibraryManagement----Admin Login
2021-07-27 16:10:03 INFO  class:21 - In LibraryManagement----Admin Login
2021-07-27 16:10:10 INFO  class:29 - To checkadmin method....
2021-07-27 16:10:10 INFO  class:25 - In LibraryController----checkAdmin method
2021-07-27 16:10:10 INFO  class:61 - In LibraryServiceImp----checkAdmin method
2021-07-27 16:10:10 INFO  class:46 - In LibraryDaoImp----checkAdmin method
2021-07-27 16:10:25 INFO  class:21 - In LibraryManagement----Admin Login
2021-07-27 16:10:31 INFO  class:29 - To checkadmin method....
2021-07-27 16:10:31 INFO  class:25 - In LibraryController----checkAdmin method
2021-07-27 16:10:31 INFO  class:61 - In LibraryServiceImp----checkAdmin method
2021-07-27 16:10:31 INFO  class:46 - In LibraryDaoImp----checkAdmin method
2021-07-27 16:10:37 INFO  class:22 - In userUpdate----
2021-07-27 16:10:44 INFO  class:66 - In userUpdate----Details of book borrowed by student method
2021-07-27 16:10:44 INFO  class:61 - In LibraryController----Details of books method
2021-07-27 16:10:44 INFO  class:55 - In LibraryServiceImp----bkdetails method
2021-07-27 16:10:44 INFO  class:219 - In LibraryDaoImp----bkDetails method
2021-07-27 16:11:52 INFO  class:80 - In userUpdate----Directing to Main Application
2021-07-27 16:11:54 INFO  class:20 - In BookDetails----
2021-07-27 16:12:09 INFO  class:59 - In BookDetails----listBooks method
2021-07-27 16:12:09 INFO  class:78 - In libraryServiceImp-----listBooks method
2021-07-27 16:12:09 INFO  class:38 - In LibraryServiceImp----listBooks method
2021-07-27 16:12:09 INFO  class:255 - In LibraryDaoImp----listBooks method
2021-07-27 16:12:16 INFO  class:80 - In BookDetails----Directing to Main Application
2021-07-27 16:12:19 INFO  class:86 - In LibraryController----issueBook method
2021-07-27 16:12:19 INFO  class:46 - In LibraryServiceImp----issueBook method
2021-07-27 16:12:19 INFO  class:302 - In LibraryDaoImp----issueBook method
2021-07-27 17:45:51 INFO  class:70 - In LibraryDaoImp----addUser(insert) method
2021-07-27 18:11:27 INFO  class:70 - In LibraryDaoImp----addUser(insert) method
2021-07-27 18:13:27 INFO  class:70 - In LibraryDaoImp----addUser(insert) method
2021-07-27 18:17:59 INFO  class:70 - In LibraryDaoImp----addUser(insert) method
2021-07-27 18:48:17 INFO  class:70 - In LibraryDaoImp----addUser(insert) method
2021-07-27 18:49:34 INFO  class:70 - In LibraryDaoImp----addUser(insert) method
2021-07-27 18:59:51 INFO  class:100 - In LibraryDaoImp----deleteUser method
2021-07-27 19:01:52 INFO  class:100 - In LibraryDaoImp----deleteUser method
2021-07-27 20:47:09 INFO  class:70 - In LibraryDaoImp----addUser(insert) method
2021-07-27 22:25:47 INFO  class:70 - In LibraryDaoImp----addUser(insert) method
2021-07-27 22:26:34 INFO  class:70 - In LibraryDaoImp----addUser(insert) method
2021-07-27 22:27:08 INFO  class:102 - In LibraryDaoImp----deleteUser method
2021-07-27 22:32:21 INFO  class:70 - In LibraryDaoImp----addUser(insert) method
2021-07-27 22:32:50 INFO  class:102 - In LibraryDaoImp----deleteUser method
2021-07-27 22:33:32 INFO  class:21 - In LibraryManagement----Admin Login
2021-07-27 22:33:40 INFO  class:29 - To checkadmin method....
2021-07-27 22:33:40 INFO  class:25 - In LibraryController----checkAdmin method
2021-07-27 22:33:40 INFO  class:61 - In LibraryServiceImp----checkAdmin method
2021-07-27 22:33:40 INFO  class:46 - In LibraryDaoImp----checkAdmin method
2021-07-27 22:33:42 INFO  class:22 - In userUpdate----
2021-07-27 22:33:45 INFO  class:43 - In userUpdate----deleteUser method
2021-07-27 22:33:45 INFO  class:35 - In LibraryController----deleteUser method
2021-07-27 22:33:45 INFO  class:65 - In LibraryServiceImp----delteUser method
2021-07-27 22:33:45 INFO  class:102 - In LibraryDaoImp----deleteUser method
2021-07-27 22:34:12 INFO  class:21 - In LibraryManagement----Admin Login
2021-07-27 22:34:17 INFO  class:29 - To checkadmin method....
2021-07-27 22:34:17 INFO  class:25 - In LibraryController----checkAdmin method
2021-07-27 22:34:17 INFO  class:61 - In LibraryServiceImp----checkAdmin method
2021-07-27 22:34:17 INFO  class:46 - In LibraryDaoImp----checkAdmin method
2021-07-27 22:34:21 INFO  class:22 - In userUpdate----
2021-07-27 22:34:23 INFO  class:49 - In userUpdate----listOfUsers method
2021-07-27 22:34:23 INFO  class:45 - In LibraryController----ListallUsers method
2021-07-27 22:34:23 INFO  class:83 - In LibraryServiceImp----listUsers method
2021-07-27 22:34:23 INFO  class:195 - In LibraryDaoImp----listUsers method
2021-07-27 22:34:23 INFO  class:212 - resultSet...in list of users
2021-07-27 22:34:23 INFO  class:212 - resultSet...in list of users
2021-07-27 22:34:23 INFO  class:212 - resultSet...in list of users
2021-07-27 22:34:23 INFO  class:212 - resultSet...in list of users
2021-07-27 22:34:23 INFO  class:212 - resultSet...in list of users
2021-07-27 22:34:23 INFO  class:212 - resultSet...in list of users
2021-07-27 22:34:23 INFO  class:212 - resultSet...in list of users
2021-07-27 22:35:19 INFO  class:70 - In LibraryDaoImp----addUser(insert) method
2021-07-27 22:39:28 INFO  class:173 - In LibraryDaoImp----listByUserId method
2021-07-27 22:55:10 INFO  class:20 - In LibraryController----addBook method
2021-07-27 22:55:10 INFO  class:20 - In LibraryServiceImp----addBook method
2021-07-27 22:55:10 INFO  class:27 - In LibraryDaoImp----addBook method
2021-07-27 23:16:39 INFO  class:117 - In LibraryDaoImp----UpdateUser method
2021-07-27 23:19:44 INFO  class:117 - In LibraryDaoImp----UpdateUser method
2021-07-27 23:21:37 INFO  class:117 - In LibraryDaoImp----UpdateUser method
2021-07-27 23:22:37 INFO  class:117 - In LibraryDaoImp----UpdateUser method
2021-07-27 23:25:22 INFO  class:117 - In LibraryDaoImp----UpdateUser method
2021-07-27 23:27:50 INFO  class:117 - In LibraryDaoImp----UpdateUser method
2021-07-27 23:29:17 INFO  class:117 - In LibraryDaoImp----UpdateUser method
2021-07-27 23:31:59 INFO  class:117 - In LibraryDaoImp----UpdateUser method
2021-07-27 23:33:59 INFO  class:117 - In LibraryDaoImp----UpdateUser method
2021-07-27 23:34:38 INFO  class:117 - In LibraryDaoImp----UpdateUser method
2021-07-27 23:36:24 INFO  class:117 - In LibraryDaoImp----UpdateUser method
2021-07-27 23:37:04 INFO  class:117 - In LibraryDaoImp----UpdateUser method
2021-07-27 23:41:51 INFO  class:117 - In LibraryDaoImp----UpdateUser method
2021-07-27 23:42:48 INFO  class:117 - In LibraryDaoImp----UpdateUser method
2021-07-27 23:43:56 INFO  class:117 - In LibraryDaoImp----UpdateUser method
2021-07-27 23:45:06 INFO  class:117 - In LibraryDaoImp----UpdateUser method
2021-07-27 23:50:24 INFO  class:173 - In LibraryDaoImp----listByUserId method
2021-07-27 23:50:55 INFO  class:21 - In LibraryManagement----Admin Login
2021-07-27 23:51:01 INFO  class:29 - To checkadmin method....
2021-07-27 23:51:01 INFO  class:25 - In LibraryController----checkAdmin method
2021-07-27 23:51:01 INFO  class:61 - In LibraryServiceImp----checkAdmin method
2021-07-27 23:51:01 INFO  class:46 - In LibraryDaoImp----checkAdmin method
2021-07-27 23:51:03 INFO  class:22 - In userUpdate----
2021-07-27 23:51:05 INFO  class:49 - In userUpdate----listOfUsers method
2021-07-27 23:51:05 INFO  class:45 - In LibraryController----ListallUsers method
2021-07-27 23:51:05 INFO  class:83 - In LibraryServiceImp----listUsers method
2021-07-27 23:51:05 INFO  class:195 - In LibraryDaoImp----listUsers method
2021-07-27 23:51:05 INFO  class:212 - resultSet...in list of users
2021-07-27 23:51:05 INFO  class:212 - resultSet...in list of users
2021-07-27 23:51:05 INFO  class:212 - resultSet...in list of users
2021-07-27 23:51:05 INFO  class:212 - resultSet...in list of users
2021-07-27 23:51:05 INFO  class:212 - resultSet...in list of users
2021-07-27 23:51:05 INFO  class:212 - resultSet...in list of users
2021-07-27 23:51:05 INFO  class:212 - resultSet...in list of users
2021-07-27 23:51:10 INFO  class:71 - In userUpdate----Details of Particular user
2021-07-27 23:51:10 INFO  class:69 - In LibraryController----listByUserId method
2021-07-27 23:51:10 INFO  class:78 - In LibraryServiceImp----listByUserId method
2021-07-27 23:51:10 INFO  class:173 - In LibraryDaoImp----listByUserId method
2021-07-27 23:54:14 INFO  class:221 - In LibraryDaoImp----bkDetails method
2021-07-27 23:56:29 INFO  class:242 - In LibraryDaoImp----delBook method
2021-07-27 23:59:06 INFO  class:20 - In BookDetails----
2021-07-28 00:00:59 INFO  class:46 - In BookDetails----addBook method
2021-07-28 00:00:59 INFO  class:20 - In LibraryController----addBook method
2021-07-28 00:00:59 INFO  class:20 - In LibraryServiceImp----addBook method
2021-07-28 00:00:59 INFO  class:27 - In LibraryDaoImp----addBook method
2021-07-28 00:01:06 INFO  class:80 - In BookDetails----Directing to Main Application
2021-07-28 00:02:33 INFO  class:173 - In LibraryDaoImp----listByUserId method
2021-07-28 07:41:22 INFO  class:173 - In LibraryDaoImp----listByUserId method
2021-07-28 07:42:19 INFO  class:21 - In LibraryManagement----Admin Login
2021-07-28 07:42:24 INFO  class:29 - To checkadmin method....
2021-07-28 07:42:24 INFO  class:25 - In LibraryController----checkAdmin method
2021-07-28 07:42:24 INFO  class:61 - In LibraryServiceImp----checkAdmin method
2021-07-28 07:42:24 INFO  class:46 - In LibraryDaoImp----checkAdmin method
2021-07-28 07:42:31 INFO  class:22 - In userUpdate----
2021-07-28 07:42:33 INFO  class:71 - In userUpdate----Details of Particular user
2021-07-28 07:42:33 INFO  class:69 - In LibraryController----listByUserId method
2021-07-28 07:42:33 INFO  class:78 - In LibraryServiceImp----listByUserId method
2021-07-28 07:42:33 INFO  class:173 - In LibraryDaoImp----listByUserId method
2021-07-28 07:43:16 INFO  class:173 - In LibraryDaoImp----listByUserId method
2021-07-28 08:06:36 INFO  class:173 - In LibraryDaoImp----listByUserId method
2021-07-28 08:10:27 INFO  class:173 - In LibraryDaoImp----listByUserId method
2021-07-28 08:10:37 INFO  class:173 - In LibraryDaoImp----listByUserId method
2021-07-28 08:11:26 INFO  class:21 - In LibraryManagement----Admin Login
2021-07-28 08:11:31 INFO  class:29 - To checkadmin method....
2021-07-28 08:11:31 INFO  class:25 - In LibraryController----checkAdmin method
2021-07-28 08:11:31 INFO  class:61 - In LibraryServiceImp----checkAdmin method
2021-07-28 08:11:31 INFO  class:46 - In LibraryDaoImp----checkAdmin method
2021-07-28 08:11:34 INFO  class:22 - In userUpdate----
2021-07-28 08:11:36 INFO  class:49 - In userUpdate----listOfUsers method
2021-07-28 08:11:36 INFO  class:45 - In LibraryController----ListallUsers method
2021-07-28 08:11:36 INFO  class:83 - In LibraryServiceImp----listUsers method
2021-07-28 08:11:36 INFO  class:195 - In LibraryDaoImp----listUsers method
2021-07-28 08:11:36 INFO  class:212 - resultSet...in list of users
2021-07-28 08:11:36 INFO  class:212 - resultSet...in list of users
2021-07-28 08:11:36 INFO  class:212 - resultSet...in list of users
2021-07-28 08:11:36 INFO  class:212 - resultSet...in list of users
2021-07-28 08:11:36 INFO  class:212 - resultSet...in list of users
2021-07-28 08:11:36 INFO  class:212 - resultSet...in list of users
2021-07-28 08:11:36 INFO  class:212 - resultSet...in list of users
2021-07-28 08:20:12 INFO  class:21 - In LibraryManagement----Admin Login
2021-07-28 08:20:17 INFO  class:29 - To checkadmin method....
2021-07-28 08:20:17 INFO  class:25 - In LibraryController----checkAdmin method
2021-07-28 08:20:17 INFO  class:61 - In LibraryServiceImp----checkAdmin method
2021-07-28 08:20:17 INFO  class:46 - In LibraryDaoImp----checkAdmin method
2021-07-28 08:20:20 INFO  class:22 - In userUpdate----
2021-07-28 08:20:22 INFO  class:50 - In userUpdate----listOfUsers method
2021-07-28 08:20:22 INFO  class:45 - In LibraryController----ListallUsers method
2021-07-28 08:20:22 INFO  class:83 - In LibraryServiceImp----listUsers method
2021-07-28 08:20:22 INFO  class:195 - In LibraryDaoImp----listUsers method
2021-07-28 08:20:22 INFO  class:212 - resultSet...in list of users
2021-07-28 08:20:22 INFO  class:212 - resultSet...in list of users
2021-07-28 08:20:22 INFO  class:212 - resultSet...in list of users
2021-07-28 08:20:22 INFO  class:212 - resultSet...in list of users
2021-07-28 08:20:22 INFO  class:212 - resultSet...in list of users
2021-07-28 08:20:22 INFO  class:212 - resultSet...in list of users
2021-07-28 08:20:22 INFO  class:212 - resultSet...in list of users
2021-07-28 08:54:40 INFO  class:23 - In userUpdate----
2021-07-28 08:54:51 INFO  class:76 - In userUpdate----Details of Particular user
2021-07-28 08:54:51 INFO  class:69 - In LibraryController----listByUserId method
2021-07-28 08:54:51 INFO  class:78 - In LibraryServiceImp----listByUserId method
2021-07-28 08:54:51 INFO  class:173 - In LibraryDaoImp----listByUserId method
2021-07-28 08:56:46 INFO  class:70 - In LibraryDaoImp----addUser(insert) method
2021-07-28 08:57:05 INFO  class:23 - In userUpdate----
2021-07-28 08:57:10 INFO  class:76 - In userUpdate----Details of Particular user
2021-07-28 08:57:10 INFO  class:69 - In LibraryController----listByUserId method
2021-07-28 08:57:10 INFO  class:78 - In LibraryServiceImp----listByUserId method
2021-07-28 08:57:10 INFO  class:173 - In LibraryDaoImp----listByUserId method
2021-07-28 08:58:00 INFO  class:70 - In LibraryDaoImp----addUser(insert) method
2021-07-28 08:58:17 INFO  class:23 - In userUpdate----
2021-07-28 08:58:20 INFO  class:76 - In userUpdate----Details of Particular user
2021-07-28 08:58:20 INFO  class:69 - In LibraryController----listByUserId method
2021-07-28 08:58:20 INFO  class:78 - In LibraryServiceImp----listByUserId method
2021-07-28 08:58:20 INFO  class:173 - In LibraryDaoImp----listByUserId method
2021-07-28 09:02:34 INFO  class:21 - In BookDetails----
2021-07-28 09:02:37 INFO  class:60 - In BookDetails----listBooks method
2021-07-28 09:02:37 INFO  class:76 - In libraryServiceImp-----listBooks method
2021-07-28 09:02:37 INFO  class:38 - In LibraryServiceImp----listBooks method
2021-07-28 09:02:37 INFO  class:262 - In LibraryDaoImp----listBooks method
2021-07-28 09:02:44 INFO  class:77 - In BookDetails----listBookByIsbn method
2021-07-28 09:02:44 INFO  class:52 - In LibraryController----ListBookByIsbn method
2021-07-28 09:02:44 INFO  class:30 - In LibraryServiceImp----listBook method
2021-07-28 09:02:44 INFO  class:288 - In LibraryDaoImp----listBookByIsbn method
2021-07-28 09:03:16 INFO  class:21 - In BookDetails----
2021-07-28 09:03:19 INFO  class:60 - In BookDetails----listBooks method
2021-07-28 09:03:19 INFO  class:76 - In libraryServiceImp-----listBooks method
2021-07-28 09:03:19 INFO  class:38 - In LibraryServiceImp----listBooks method
2021-07-28 09:03:19 INFO  class:262 - In LibraryDaoImp----listBooks method
2021-07-28 09:03:28 INFO  class:77 - In BookDetails----listBookByIsbn method
2021-07-28 09:03:28 INFO  class:52 - In LibraryController----ListBookByIsbn method
2021-07-28 09:03:28 INFO  class:30 - In LibraryServiceImp----listBook method
2021-07-28 09:03:28 INFO  class:288 - In LibraryDaoImp----listBookByIsbn method
2021-07-28 09:03:42 INFO  class:85 - In BookDetails----Directing to Main Application
2021-07-28 10:50:30 INFO  class:117 - In LibraryDaoImp----UpdateUser method
2021-07-28 10:50:58 INFO  class:117 - In LibraryDaoImp----UpdateUser method
2021-07-28 10:51:35 INFO  class:117 - In LibraryDaoImp----UpdateUser method
2021-07-28 10:53:47 INFO  class:117 - In LibraryDaoImp----UpdateUser method
2021-07-28 10:58:36 INFO  class:117 - In LibraryDaoImp----UpdateUser method
2021-07-28 11:03:27 INFO  class:117 - In LibraryDaoImp----UpdateUser method
2021-07-28 11:04:30 INFO  class:339 - In LibraryDaoImp----updateBook method
2021-07-28 11:07:11 INFO  class:339 - In LibraryDaoImp----updateBook method
2021-07-28 11:56:28 INFO  class:339 - In LibraryDaoImp----updateBook method
2021-07-28 12:07:28 INFO  class:117 - In LibraryDaoImp----UpdateUser method
2021-07-28 14:22:51 INFO  class:21 - In LibraryManagement----Admin Login
2021-07-28 14:22:58 INFO  class:29 - To checkadmin method....
2021-07-28 14:22:58 INFO  class:25 - In LibraryController----checkAdmin method
2021-07-28 14:22:58 INFO  class:61 - In LibraryServiceImp----checkAdmin method
2021-07-28 14:22:58 INFO  class:46 - In LibraryDaoImp----checkAdmin method
2021-07-28 14:23:02 INFO  class:23 - In userUpdate----
2021-07-28 14:23:05 INFO  class:63 - In userUpdate----Updateuser method
2021-07-28 14:23:05 INFO  class:40 - In LibraryController----updateUser method
2021-07-28 14:23:05 INFO  class:90 - In LibraryServiceImp----updateusers(update) method
2021-07-28 14:23:05 INFO  class:117 - In LibraryDaoImp----UpdateUser method
2021-07-28 14:41:43 INFO  class:21 - In LibraryManagement----Admin Login
2021-07-28 14:41:49 INFO  class:29 - To checkadmin method....
2021-07-28 14:41:49 INFO  class:25 - In LibraryController----checkAdmin method
2021-07-28 14:41:49 INFO  class:61 - In LibraryServiceImp----checkAdmin method
2021-07-28 14:41:49 INFO  class:46 - In LibraryDaoImp----checkAdmin method
2021-07-28 14:41:59 INFO  class:23 - In userUpdate----
2021-07-28 14:42:30 INFO  class:37 - In userUpdate----addUser method
2021-07-28 14:42:30 INFO  class:30 - In LibraryController----addUser method
2021-07-28 14:42:30 INFO  class:71 - In LibraryServiceImp----adduser(insert) method
2021-07-28 14:42:30 INFO  class:70 - In LibraryDaoImp----addUser(insert) method
2021-07-28 14:43:16 INFO  class:44 - In userUpdate----deleteUser method
2021-07-28 14:43:16 INFO  class:35 - In LibraryController----deleteUser method
2021-07-28 14:43:16 INFO  class:65 - In LibraryServiceImp----delteUser method
2021-07-28 14:43:16 INFO  class:102 - In LibraryDaoImp----deleteUser method
2021-07-28 14:43:35 INFO  class:21 - In LibraryManagement----Admin Login
2021-07-28 14:43:39 INFO  class:29 - To checkadmin method....
2021-07-28 14:43:39 INFO  class:25 - In LibraryController----checkAdmin method
2021-07-28 14:43:39 INFO  class:61 - In LibraryServiceImp----checkAdmin method
2021-07-28 14:43:39 INFO  class:46 - In LibraryDaoImp----checkAdmin method
2021-07-28 14:44:22 INFO  class:23 - In userUpdate----
2021-07-28 14:44:29 INFO  class:50 - In userUpdate----listOfUsers method
2021-07-28 14:44:29 INFO  class:45 - In LibraryController----ListallUsers method
2021-07-28 14:44:29 INFO  class:83 - In LibraryServiceImp----listUsers method
2021-07-28 14:44:29 INFO  class:200 - In LibraryDaoImp----listUsers method
2021-07-28 14:44:29 INFO  class:217 - resultSet...in list of users
2021-07-28 14:44:29 INFO  class:217 - resultSet...in list of users
2021-07-28 14:44:29 INFO  class:217 - resultSet...in list of users
2021-07-28 14:44:29 INFO  class:217 - resultSet...in list of users
2021-07-28 14:44:29 INFO  class:217 - resultSet...in list of users
2021-07-28 14:44:29 INFO  class:217 - resultSet...in list of users
2021-07-28 14:44:29 INFO  class:217 - resultSet...in list of users
2021-07-28 14:44:29 INFO  class:217 - resultSet...in list of users
2021-07-28 14:44:29 INFO  class:217 - resultSet...in list of users
2021-07-28 14:49:38 INFO  class:44 - In userUpdate----deleteUser method
2021-07-28 14:49:38 INFO  class:35 - In LibraryController----deleteUser method
2021-07-28 14:49:38 INFO  class:65 - In LibraryServiceImp----delteUser method
2021-07-28 14:49:38 INFO  class:102 - In LibraryDaoImp----deleteUser method
2021-07-28 14:51:13 INFO  class:21 - In LibraryManagement----Admin Login
2021-07-28 14:51:19 INFO  class:29 - To checkadmin method....
2021-07-28 14:51:19 INFO  class:25 - In LibraryController----checkAdmin method
2021-07-28 14:51:19 INFO  class:61 - In LibraryServiceImp----checkAdmin method
2021-07-28 14:51:19 INFO  class:46 - In LibraryDaoImp----checkAdmin method
2021-07-28 14:51:23 INFO  class:23 - In userUpdate----
2021-07-28 14:51:25 INFO  class:50 - In userUpdate----listOfUsers method
2021-07-28 14:51:25 INFO  class:45 - In LibraryController----ListallUsers method
2021-07-28 14:51:25 INFO  class:83 - In LibraryServiceImp----listUsers method
2021-07-28 14:51:25 INFO  class:198 - In LibraryDaoImp----listUsers method
2021-07-28 14:51:25 INFO  class:215 - resultSet...in list of users
2021-07-28 14:51:25 INFO  class:215 - resultSet...in list of users
2021-07-28 14:51:25 INFO  class:215 - resultSet...in list of users
2021-07-28 14:51:25 INFO  class:215 - resultSet...in list of users
2021-07-28 14:51:25 INFO  class:215 - resultSet...in list of users
2021-07-28 14:51:25 INFO  class:215 - resultSet...in list of users
2021-07-28 14:51:25 INFO  class:215 - resultSet...in list of users
2021-07-28 14:51:25 INFO  class:215 - resultSet...in list of users
2021-07-28 14:51:29 INFO  class:44 - In userUpdate----deleteUser method
2021-07-28 14:51:29 INFO  class:35 - In LibraryController----deleteUser method
2021-07-28 14:51:29 INFO  class:65 - In LibraryServiceImp----delteUser method
2021-07-28 14:51:29 INFO  class:102 - In LibraryDaoImp----deleteUser method
2021-07-28 14:54:23 INFO  class:37 - In userUpdate----addUser method
2021-07-28 14:54:23 INFO  class:30 - In LibraryController----addUser method
2021-07-28 14:54:23 INFO  class:71 - In LibraryServiceImp----adduser(insert) method
2021-07-28 14:54:23 INFO  class:70 - In LibraryDaoImp----addUser(insert) method
2021-07-28 14:54:37 INFO  class:44 - In userUpdate----deleteUser method
2021-07-28 14:54:37 INFO  class:35 - In LibraryController----deleteUser method
2021-07-28 14:54:37 INFO  class:65 - In LibraryServiceImp----delteUser method
2021-07-28 14:54:37 INFO  class:102 - In LibraryDaoImp----deleteUser method
2021-07-28 14:54:51 INFO  class:50 - In userUpdate----listOfUsers method
2021-07-28 14:54:51 INFO  class:45 - In LibraryController----ListallUsers method
2021-07-28 14:54:51 INFO  class:83 - In LibraryServiceImp----listUsers method
2021-07-28 14:54:51 INFO  class:198 - In LibraryDaoImp----listUsers method
2021-07-28 14:54:51 INFO  class:215 - resultSet...in list of users
2021-07-28 14:54:51 INFO  class:215 - resultSet...in list of users
2021-07-28 14:54:51 INFO  class:215 - resultSet...in list of users
2021-07-28 14:54:51 INFO  class:215 - resultSet...in list of users
2021-07-28 14:54:51 INFO  class:215 - resultSet...in list of users
2021-07-28 14:54:51 INFO  class:215 - resultSet...in list of users
2021-07-28 14:54:51 INFO  class:215 - resultSet...in list of users
2021-07-28 14:54:55 INFO  class:63 - In userUpdate----Updateuser method
2021-07-28 14:54:55 INFO  class:40 - In LibraryController----updateUser method
2021-07-28 14:54:55 INFO  class:90 - In LibraryServiceImp----updateusers(update) method
2021-07-28 14:54:55 INFO  class:115 - In LibraryDaoImp----UpdateUser method
2021-07-28 14:55:18 INFO  class:69 - In userUpdate----Details of book borrowed by student method
2021-07-28 14:55:18 INFO  class:59 - In LibraryController----Details of books method
2021-07-28 14:55:18 INFO  class:55 - In LibraryServiceImp----bkdetails method
2021-07-28 14:55:18 INFO  class:224 - In LibraryDaoImp----bkDetails method
2021-07-28 14:55:34 INFO  class:76 - In userUpdate----Details of Particular user
2021-07-28 14:55:34 INFO  class:69 - In LibraryController----listByUserId method
2021-07-28 14:55:34 INFO  class:78 - In LibraryServiceImp----listByUserId method
2021-07-28 14:55:34 INFO  class:171 - In LibraryDaoImp----listByUserId method
2021-07-28 14:55:52 INFO  class:21 - In LibraryManagement----Admin Login
2021-07-28 14:55:56 INFO  class:29 - To checkadmin method....
2021-07-28 14:55:56 INFO  class:25 - In LibraryController----checkAdmin method
2021-07-28 14:55:56 INFO  class:61 - In LibraryServiceImp----checkAdmin method
2021-07-28 14:55:56 INFO  class:46 - In LibraryDaoImp----checkAdmin method
2021-07-28 14:56:32 INFO  class:23 - In userUpdate----
2021-07-28 14:56:43 INFO  class:83 - In userUpdate----Directing to Main Application
2021-07-28 14:57:09 INFO  class:21 - In LibraryManagement----Admin Login
2021-07-28 14:57:12 INFO  class:29 - To checkadmin method....
2021-07-28 14:57:12 INFO  class:25 - In LibraryController----checkAdmin method
2021-07-28 14:57:12 INFO  class:61 - In LibraryServiceImp----checkAdmin method
2021-07-28 14:57:12 INFO  class:46 - In LibraryDaoImp----checkAdmin method
2021-07-28 14:57:14 INFO  class:23 - In userUpdate----
2021-07-28 14:57:16 INFO  class:69 - In userUpdate----Details of book borrowed by student method
2021-07-28 14:57:16 INFO  class:59 - In LibraryController----Details of books method
2021-07-28 14:57:16 INFO  class:55 - In LibraryServiceImp----bkdetails method
2021-07-28 14:57:16 INFO  class:224 - In LibraryDaoImp----bkDetails method
2021-07-28 15:02:04 INFO  class:21 - In BookDetails----
2021-07-28 15:02:31 INFO  class:77 - In BookDetails----listBookByIsbn method
2021-07-28 15:02:31 INFO  class:52 - In LibraryController----ListBookByIsbn method
2021-07-28 15:02:31 INFO  class:30 - In LibraryServiceImp----listBook method
2021-07-28 15:02:31 INFO  class:286 - In LibraryDaoImp----listBookByIsbn method
2021-07-28 15:02:52 INFO  class:70 - In LibraryDaoImp----addUser(insert) method
2021-07-28 15:03:36 INFO  class:23 - In userUpdate----
2021-07-28 15:04:31 INFO  class:21 - In BookDetails----
2021-07-28 15:04:52 INFO  class:77 - In BookDetails----listBookByIsbn method
2021-07-28 15:04:52 INFO  class:52 - In LibraryController----ListBookByIsbn method
2021-07-28 15:04:52 INFO  class:30 - In LibraryServiceImp----listBook method
2021-07-28 15:04:52 INFO  class:286 - In LibraryDaoImp----listBookByIsbn method
2021-07-28 15:04:56 INFO  class:70 - In LibraryDaoImp----addUser(insert) method
2021-07-28 15:05:54 INFO  class:115 - In LibraryDaoImp----UpdateUser method
2021-07-28 15:06:14 INFO  class:23 - In userUpdate----
2021-07-28 15:06:31 INFO  class:76 - In userUpdate----Details of Particular user
2021-07-28 15:06:31 INFO  class:69 - In LibraryController----listByUserId method
2021-07-28 15:06:31 INFO  class:78 - In LibraryServiceImp----listByUserId method
2021-07-28 15:06:31 INFO  class:171 - In LibraryDaoImp----listByUserId method
2021-07-28 15:06:39 INFO  class:83 - In userUpdate----Directing to Main Application
2021-07-28 15:06:39 INFO  class:224 - In LibraryDaoImp----bkDetails method
2021-07-28 15:06:46 INFO  class:102 - In LibraryDaoImp----deleteUser method
2021-07-28 15:07:22 INFO  class:245 - In LibraryDaoImp----delBook method
2021-07-28 15:13:00 INFO  class:21 - In BookDetails----
2021-07-28 15:13:08 INFO  class:77 - In BookDetails----listBookByIsbn method
2021-07-28 15:13:08 INFO  class:52 - In LibraryController----ListBookByIsbn method
2021-07-28 15:13:08 INFO  class:30 - In LibraryServiceImp----listBook method
2021-07-28 15:13:08 INFO  class:286 - In LibraryDaoImp----listBookByIsbn method
2021-07-28 15:13:33 INFO  class:70 - In LibraryDaoImp----addUser(insert) method
2021-07-28 15:15:23 INFO  class:21 - In BookDetails----
2021-07-28 15:15:37 INFO  class:77 - In BookDetails----listBookByIsbn method
2021-07-28 15:15:37 INFO  class:52 - In LibraryController----ListBookByIsbn method
2021-07-28 15:15:37 INFO  class:30 - In LibraryServiceImp----listBook method
2021-07-28 15:15:37 INFO  class:286 - In LibraryDaoImp----listBookByIsbn method
2021-07-28 15:15:42 INFO  class:70 - In LibraryDaoImp----addUser(insert) method
2021-07-28 15:17:22 INFO  class:21 - In LibraryManagement----Admin Login
2021-07-28 15:17:26 INFO  class:29 - To checkadmin method....
2021-07-28 15:17:26 INFO  class:25 - In LibraryController----checkAdmin method
2021-07-28 15:17:26 INFO  class:61 - In LibraryServiceImp----checkAdmin method
2021-07-28 15:17:26 INFO  class:46 - In LibraryDaoImp----checkAdmin method
2021-07-28 15:17:29 INFO  class:21 - In BookDetails----
2021-07-28 15:17:33 INFO  class:60 - In BookDetails----listBooks method
2021-07-28 15:17:33 INFO  class:76 - In libraryServiceImp-----listBooks method
2021-07-28 15:17:33 INFO  class:38 - In LibraryServiceImp----listBooks method
2021-07-28 15:17:33 INFO  class:260 - In LibraryDaoImp----listBooks method
2021-07-28 15:18:04 INFO  class:21 - In BookDetails----
2021-07-28 15:18:11 INFO  class:77 - In BookDetails----listBookByIsbn method
2021-07-28 15:18:11 INFO  class:52 - In LibraryController----ListBookByIsbn method
2021-07-28 15:18:11 INFO  class:30 - In LibraryServiceImp----listBook method
2021-07-28 15:18:11 INFO  class:286 - In LibraryDaoImp----listBookByIsbn method
2021-07-28 15:18:15 INFO  class:70 - In LibraryDaoImp----addUser(insert) method
2021-07-28 15:19:08 INFO  class:21 - In BookDetails----
2021-07-28 15:19:10 INFO  class:77 - In BookDetails----listBookByIsbn method
2021-07-28 15:19:10 INFO  class:52 - In LibraryController----ListBookByIsbn method
2021-07-28 15:19:10 INFO  class:30 - In LibraryServiceImp----listBook method
2021-07-28 15:19:10 INFO  class:286 - In LibraryDaoImp----listBookByIsbn method
2021-07-28 15:19:19 INFO  class:85 - In BookDetails----Directing to Main Application
2021-07-28 15:19:19 INFO  class:70 - In LibraryDaoImp----addUser(insert) method
2021-07-28 15:19:43 INFO  class:115 - In LibraryDaoImp----UpdateUser method
2021-07-28 15:19:49 INFO  class:23 - In userUpdate----
2021-07-28 15:19:57 INFO  class:63 - In userUpdate----Updateuser method
2021-07-28 15:19:57 INFO  class:40 - In LibraryController----updateUser method
2021-07-28 15:19:57 INFO  class:90 - In LibraryServiceImp----updateusers(update) method
2021-07-28 15:19:57 INFO  class:115 - In LibraryDaoImp----UpdateUser method
2021-07-28 15:20:19 INFO  class:21 - In BookDetails----
2021-07-28 15:20:22 INFO  class:77 - In BookDetails----listBookByIsbn method
2021-07-28 15:20:22 INFO  class:52 - In LibraryController----ListBookByIsbn method
2021-07-28 15:20:22 INFO  class:30 - In LibraryServiceImp----listBook method
2021-07-28 15:20:22 INFO  class:286 - In LibraryDaoImp----listBookByIsbn method
2021-07-28 15:20:28 INFO  class:85 - In BookDetails----Directing to Main Application
2021-07-28 15:20:28 INFO  class:70 - In LibraryDaoImp----addUser(insert) method
2021-07-28 15:20:51 INFO  class:115 - In LibraryDaoImp----UpdateUser method
2021-07-28 15:20:56 INFO  class:23 - In userUpdate----
2021-07-28 15:21:04 INFO  class:83 - In userUpdate----Directing to Main Application
2021-07-28 15:21:04 INFO  class:224 - In LibraryDaoImp----bkDetails method
2021-07-28 15:21:18 INFO  class:102 - In LibraryDaoImp----deleteUser method
2021-07-28 15:21:23 INFO  class:245 - In LibraryDaoImp----delBook method
2021-07-28 15:21:58 INFO  class:21 - In BookDetails----
2021-07-28 15:22:01 INFO  class:77 - In BookDetails----listBookByIsbn method
2021-07-28 15:22:01 INFO  class:52 - In LibraryController----ListBookByIsbn method
2021-07-28 15:22:01 INFO  class:30 - In LibraryServiceImp----listBook method
2021-07-28 15:22:01 INFO  class:286 - In LibraryDaoImp----listBookByIsbn method
2021-07-28 15:22:08 INFO  class:85 - In BookDetails----Directing to Main Application
2021-07-28 15:22:08 INFO  class:70 - In LibraryDaoImp----addUser(insert) method
2021-07-28 15:22:31 INFO  class:115 - In LibraryDaoImp----UpdateUser method
2021-07-28 15:22:49 INFO  class:23 - In userUpdate----
2021-07-28 15:22:55 INFO  class:83 - In userUpdate----Directing to Main Application
2021-07-28 15:22:55 INFO  class:224 - In LibraryDaoImp----bkDetails method
2021-07-28 15:23:02 INFO  class:102 - In LibraryDaoImp----deleteUser method
2021-07-28 15:23:21 INFO  class:245 - In LibraryDaoImp----delBook method
